c:\users\thix\source\repos\arenasimnew\arenasimnew\x64\debug\vc143.pdb
c:\users\thix\source\repos\arenasimnew\arenasimnew\x64\debug\vc143.idb
c:\users\thix\source\repos\arenasimnew\arenasimnew\x64\debug\trainer.obj
c:\users\thix\source\repos\arenasimnew\arenasimnew\x64\debug\playerroom.obj
c:\users\thix\source\repos\arenasimnew\arenasimnew\x64\debug\playerclass.obj
c:\users\thix\source\repos\arenasimnew\arenasimnew\x64\debug\player.obj
c:\users\thix\source\repos\arenasimnew\arenasimnew\x64\debug\main.obj
c:\users\thix\source\repos\arenasimnew\arenasimnew\x64\debug\location.obj
c:\users\thix\source\repos\arenasimnew\arenasimnew\x64\debug\game.obj
c:\users\thix\source\repos\arenasimnew\arenasimnew\x64\debug\fightmanager.obj
c:\users\thix\source\repos\arenasimnew\arenasimnew\x64\debug\entity.obj
c:\users\thix\source\repos\arenasimnew\arenasimnew\x64\debug\enemy.obj
c:\users\thix\source\repos\arenasimnew\arenasimnew\x64\debug\ability.obj
c:\users\thix\source\repos\arenasimnew\arenasimnew\x64\debug\warrior.obj
c:\users\thix\source\repos\arenasimnew\arenasimnew\x64\debug\rogue.obj
c:\users\thix\source\repos\arenasimnew\arenasimnew\x64\debug\mage.obj
c:\users\thix\source\repos\arenasimnew\arenasimnew\x64\debug\townmanager.obj
c:\users\thix\source\repos\arenasimnew\arenasimnew\x64\debug\shop.obj
c:\users\thix\source\repos\arenasimnew\arenasimnew\x64\debug\locationoption.obj
c:\users\thix\source\repos\arenasimnew - kopia\arenasimnew\x64\debug\vc143.pdb
c:\users\thix\source\repos\arenasimnew - kopia\arenasimnew\x64\debug\vc143.idb
c:\users\thix\source\repos\arenasimnew - kopia\arenasimnew\x64\debug\warrior.obj
c:\users\thix\source\repos\arenasimnew - kopia\arenasimnew\x64\debug\trainer.obj
c:\users\thix\source\repos\arenasimnew - kopia\arenasimnew\x64\debug\shop.obj
c:\users\thix\source\repos\arenasimnew - kopia\arenasimnew\x64\debug\rogue.obj
c:\users\thix\source\repos\arenasimnew - kopia\arenasimnew\x64\debug\playerroom.obj
c:\users\thix\source\repos\arenasimnew - kopia\arenasimnew\x64\debug\playerclass.obj
c:\users\thix\source\repos\arenasimnew - kopia\arenasimnew\x64\debug\player.obj
c:\users\thix\source\repos\arenasimnew - kopia\arenasimnew\x64\debug\main.obj
c:\users\thix\source\repos\arenasimnew - kopia\arenasimnew\x64\debug\mage.obj
c:\users\thix\source\repos\arenasimnew - kopia\arenasimnew\x64\debug\locationoption.obj
c:\users\thix\source\repos\arenasimnew - kopia\arenasimnew\x64\debug\location.obj
c:\users\thix\source\repos\arenasimnew - kopia\arenasimnew\x64\debug\game.obj
c:\users\thix\source\repos\arenasimnew - kopia\arenasimnew\x64\debug\fightmanager.obj
c:\users\thix\source\repos\arenasimnew - kopia\arenasimnew\x64\debug\entity.obj
c:\users\thix\source\repos\arenasimnew - kopia\arenasimnew\x64\debug\enemy.obj
c:\users\thix\source\repos\arenasimnew - kopia\arenasimnew\x64\debug\ability.obj
c:\users\thix\source\repos\arenasimnew - kopia\arenasimnew\x64\debug\townmanager.obj
c:\users\thix\source\repos\arenasimnew - kopia\arenasimnew\x64\debug\arena.obj
c:\users\thix\source\repos\arenasimnew - kopia\x64\debug\arenasimnew.exe
c:\users\thix\source\repos\arenasimnew - kopia\arenasimnew\x64\debug\arenasimnew.ilk
c:\users\thix\source\repos\arenasimnew - kopia\x64\debug\arenasimnew.pdb
c:\users\thix\source\repos\arenasimnew - kopia\arenasimnew\x64\debug\townmanager.obj.enc
c:\users\thix\source\repos\arenasimnew - kopia\arenasimnew\x64\debug\arenasimnew.tlog\cl.command.1.tlog
c:\users\thix\source\repos\arenasimnew - kopia\arenasimnew\x64\debug\arenasimnew.tlog\cl.read.1.tlog
c:\users\thix\source\repos\arenasimnew - kopia\arenasimnew\x64\debug\arenasimnew.tlog\cl.write.1.tlog
c:\users\thix\source\repos\arenasimnew - kopia\arenasimnew\x64\debug\arenasimnew.tlog\link.command.1.tlog
c:\users\thix\source\repos\arenasimnew - kopia\arenasimnew\x64\debug\arenasimnew.tlog\link.read.1.tlog
c:\users\thix\source\repos\arenasimnew - kopia\arenasimnew\x64\debug\arenasimnew.tlog\link.write.1.tlog
